[Mon, 08 Dec 2014 06:48:35 +0000] (W)Warning; The URL rewrite engine is disabled. Subpath-based storefront URLs will not work
[Mon, 08 Dec 2014 06:51:22 +0000] (W)Warning; The URL rewrite engine is disabled. Subpath-based storefront URLs will not work
[Mon, 08 Dec 2014 06:51:23 +0000] (N); Creating database scheme
[Mon, 08 Dec 2014 06:51:28 +0000] (N); Importing data
[Mon, 08 Dec 2014 06:51:30 +0000] (N); Creating demo
[Mon, 08 Dec 2014 06:51:32 +0000] (N); Installing additional language en
[Mon, 08 Dec 2014 06:51:32 +0000] (N); Installing additional language en
[Mon, 08 Dec 2014 06:51:38 +0000] (N); access_restrictions add-on installed
[Mon, 08 Dec 2014 06:51:38 +0000] (N); attachments add-on installed
[Mon, 08 Dec 2014 06:51:38 +0000] (N); banners add-on installed
[Mon, 08 Dec 2014 06:51:38 +0000] (N); barcode add-on installed
[Mon, 08 Dec 2014 06:51:38 +0000] (N); bestsellers add-on installed
[Mon, 08 Dec 2014 06:51:38 +0000] (N); buy_together add-on installed
[Mon, 08 Dec 2014 06:51:39 +0000] (N); call_requests add-on installed
[Mon, 08 Dec 2014 06:51:39 +0000] (N); catalog_mode add-on installed
[Mon, 08 Dec 2014 06:51:39 +0000] (N); customers_also_bought add-on installed
[Mon, 08 Dec 2014 06:51:39 +0000] (N); data_feeds add-on installed
[Mon, 08 Dec 2014 06:51:40 +0000] (N); discussion add-on installed
[Mon, 08 Dec 2014 06:51:40 +0000] (N); email_marketing add-on installed
[Mon, 08 Dec 2014 06:51:41 +0000] (N); form_builder add-on installed
[Mon, 08 Dec 2014 06:51:41 +0000] (N); gift_certificates add-on installed
[Mon, 08 Dec 2014 06:51:41 +0000] (N); google_analytics add-on installed
[Mon, 08 Dec 2014 06:51:41 +0000] (N); google_sitemap add-on installed
[Mon, 08 Dec 2014 06:51:41 +0000] (N); help_tutorial add-on installed
[Mon, 08 Dec 2014 06:51:41 +0000] (N); hidpi add-on installed
[Mon, 08 Dec 2014 06:51:42 +0000] (N); hybrid_auth add-on installed
[Mon, 08 Dec 2014 06:51:42 +0000] (N); image_zoom add-on installed
[Mon, 08 Dec 2014 06:51:42 +0000] (N); janrain add-on installed
[Mon, 08 Dec 2014 06:51:42 +0000] (N); my_changes add-on installed
[Mon, 08 Dec 2014 06:51:43 +0000] (N); news_and_emails add-on installed
[Mon, 08 Dec 2014 06:51:43 +0000] (N); paypal add-on installed
[Mon, 08 Dec 2014 06:51:43 +0000] (N); polls add-on installed
[Mon, 08 Dec 2014 06:51:44 +0000] (N); price_list add-on installed
[Mon, 08 Dec 2014 06:51:44 +0000] (N); required_products add-on installed
[Mon, 08 Dec 2014 06:51:44 +0000] (N); reward_points add-on installed
[Mon, 08 Dec 2014 06:51:44 +0000] (N); rma add-on installed
[Mon, 08 Dec 2014 06:51:44 +0000] (N); rss_feed add-on installed
[Mon, 08 Dec 2014 06:51:45 +0000] (N); seo add-on installed
[Mon, 08 Dec 2014 06:51:47 +0000] (N); social_buttons add-on installed
[Mon, 08 Dec 2014 06:51:47 +0000] (N); store_locator add-on installed
[Mon, 08 Dec 2014 06:51:47 +0000] (N); tags add-on installed
[Mon, 08 Dec 2014 06:51:47 +0000] (N); twigmo add-on installed
[Mon, 08 Dec 2014 06:51:48 +0000] (N); watermarks add-on installed
[Mon, 08 Dec 2014 06:51:48 +0000] (N); wishlist add-on installed
